2018-11-16 19:07:30,312 - root - INFO - running environment: development
2018-11-16 19:07:30,652 - root - INFO - running environment: development
2018-11-16 19:07:48,902 - root - ERROR - 404 Not Found: The requested URL was not found on the server.  If you entered the URL manually please check your spelling and try again.
2018-11-16 19:07:58,191 - root - ERROR - 404 Not Found: The requested URL was not found on the server.  If you entered the URL manually please check your spelling and try again.
2018-11-17 09:27:16,391 - root - INFO - running environment: development
2018-11-17 09:27:16,732 - root - INFO - running environment: development
2018-11-17 10:14:24,625 - root - INFO - running environment: development
2018-11-17 10:14:24,916 - root - INFO - running environment: development
2018-11-17 10:17:29,289 - root - INFO - running environment: development
2018-11-17 10:18:39,166 - root - INFO - running environment: development
2018-11-17 10:19:27,771 - root - INFO - running environment: development
2018-11-17 10:19:53,864 - root - INFO - running environment: development
2018-11-17 10:47:29,977 - root - INFO - running environment: development
2018-11-17 10:47:30,547 - root - INFO - running environment: development
2018-11-17 11:03:03,059 - root - INFO - running environment: development
2018-11-17 11:03:03,542 - root - INFO - running environment: development
2018-11-17 11:03:45,826 - root - INFO - running environment: development
2018-11-17 11:04:15,939 - root - INFO - running environment: development
2018-11-17 11:04:52,151 - root - INFO - running environment: development
2018-11-17 11:05:10,088 - root - INFO - running environment: development
2018-11-17 11:05:23,930 - root - INFO - running environment: development
2018-11-17 11:05:48,966 - root - INFO - running environment: development
2018-11-17 11:06:06,888 - root - INFO - running environment: development
2018-11-17 11:06:57,369 - root - INFO - running environment: development
2018-11-17 11:07:04,096 - root - INFO - running environment: development
2018-11-17 11:07:40,606 - root - INFO - running environment: development
2018-11-17 11:18:24,035 - root - INFO - running environment: development
2018-11-17 11:18:34,765 - root - INFO - running environment: development
2018-11-17 11:19:15,952 - root - INFO - running environment: development
2018-11-17 11:19:16,428 - root - INFO - running environment: development
2018-11-17 11:20:30,235 - root - INFO - running environment: development
2018-11-20 10:27:48,758 - root - INFO - running environment: development
2018-11-20 10:27:49,345 - root - INFO - running environment: development
2018-11-20 10:29:30,616 - root - INFO - running environment: development
2018-11-20 10:32:08,879 - root - INFO - running environment: development
2018-11-20 10:35:07,381 - root - INFO - running environment: development
2018-11-20 10:35:15,114 - root - INFO - running environment: development
2018-11-20 10:42:33,271 - root - INFO - running environment: development
2018-11-20 10:42:35,968 - root - INFO - <Request 'http://localhost:4000/api/v1/login' [POST]>
2018-11-20 10:43:05,576 - root - INFO - running environment: development
2018-11-20 10:43:54,971 - root - INFO - running environment: development
2018-11-20 10:44:35,480 - root - INFO - running environment: development
2018-11-20 10:44:38,937 - root - INFO - b''
2018-11-20 10:45:03,168 - root - INFO - b''
2018-11-20 10:46:21,919 - root - INFO - running environment: development
2018-11-20 16:51:37,613 - root - INFO - running environment: None
2018-11-20 16:54:32,860 - root - INFO - running environment: None
2018-11-20 11:25:12,073 - root - INFO - running environment: development
2018-11-20 16:55:16,735 - root - INFO - running environment: None
2018-11-20 11:26:00,465 - root - INFO - running environment: development
2018-11-20 16:56:10,042 - root - INFO - running environment: None
2018-11-20 16:59:05,607 - root - INFO - running environment: None
2018-11-20 17:02:27,280 - root - INFO - running environment: None
2018-11-22 14:18:10,913 - root - INFO - running environment: None
2018-11-22 14:23:49,496 - root - INFO - running environment: None
2018-11-22 14:24:42,891 - root - INFO - running environment: None
2018-11-22 14:25:23,068 - root - INFO - running environment: None
2018-11-22 14:28:08,060 - root - INFO - running environment: None
2018-11-23 14:49:02,182 - root - INFO - running environment: development
2018-11-23 14:51:25,266 - root - INFO - running environment: development
2018-11-23 14:51:25,854 - root - INFO - running environment: development
2018-11-23 14:51:38,972 - root - INFO - running environment: development
2018-11-23 14:52:34,697 - root - INFO - running environment: development
2018-11-23 14:54:25,078 - root - INFO - running environment: development
2018-11-23 14:54:43,043 - root - INFO - running environment: development
2018-11-23 14:55:01,004 - root - INFO - running environment: development
2018-11-23 14:55:02,760 - root - INFO - running environment: development
2018-11-23 14:55:20,857 - root - INFO - running environment: development
2018-11-23 14:55:57,110 - root - INFO - running environment: development
2018-11-23 14:56:37,412 - root - INFO - running environment: development
2018-11-23 14:57:57,209 - root - INFO - running environment: development
2018-11-23 15:01:24,215 - root - INFO - running environment: development
2018-11-23 15:01:38,400 - root - INFO - running environment: development
2018-11-23 15:02:19,709 - root - INFO - running environment: development
2018-11-23 15:02:54,018 - root - INFO - running environment: development
2018-11-23 15:03:55,718 - root - INFO - running environment: development
2018-11-23 15:06:07,701 - root - INFO - running environment: development
2018-11-23 15:07:00,462 - root - INFO - running environment: development
2018-11-23 15:07:13,375 - root - INFO - running environment: development
2018-11-23 15:07:31,399 - root - INFO - running environment: development
2018-11-23 15:07:37,241 - root - INFO - running environment: development
2018-11-23 15:09:26,775 - root - INFO - running environment: development
2018-11-23 15:09:44,858 - root - INFO - running environment: development
2018-11-23 15:10:03,028 - root - INFO - running environment: development
2018-11-23 15:10:22,012 - root - INFO - running environment: development
2018-11-23 15:10:41,026 - root - INFO - running environment: development
2018-11-23 15:11:41,616 - root - INFO - running environment: development
2018-11-23 15:13:03,859 - root - INFO - running environment: development
2018-11-23 15:13:33,994 - root - INFO - running environment: development
2018-11-23 15:13:51,957 - root - INFO - running environment: development
2018-11-23 15:14:02,821 - root - INFO - running environment: development
2018-11-23 15:15:38,275 - root - INFO - running environment: development
2018-11-23 15:16:05,411 - root - INFO - running environment: development
2018-11-23 15:17:06,128 - root - INFO - running environment: development
2018-11-23 15:17:21,060 - root - INFO - running environment: development
2018-11-23 15:19:09,732 - root - INFO - running environment: development
2018-11-23 15:19:26,715 - root - INFO - running environment: development
2018-11-23 15:21:33,653 - root - INFO - running environment: development
2018-11-23 15:22:19,063 - root - INFO - running environment: development
2018-11-23 15:24:31,092 - root - INFO - running environment: development
2018-11-23 15:24:47,059 - root - INFO - running environment: development
2018-11-23 15:25:16,210 - root - INFO - running environment: development
2018-11-23 15:25:58,564 - root - INFO - running environment: development
2018-11-23 15:26:13,510 - root - INFO - running environment: development
2018-11-23 15:26:44,680 - root - INFO - running environment: development
2018-11-23 15:30:27,055 - root - INFO - running environment: development
2018-11-23 15:33:38,907 - root - INFO - running environment: development
2018-11-23 15:38:37,476 - root - INFO - running environment: development
2018-11-23 15:38:54,460 - root - INFO - running environment: development
2018-11-23 15:39:27,662 - root - INFO - running environment: development
2018-11-23 15:39:53,773 - root - INFO - running environment: development
2018-11-23 15:40:09,724 - root - INFO - running environment: development
2018-11-23 15:40:23,628 - root - INFO - running environment: development
2018-11-23 15:40:26,377 - root - INFO - running environment: development
2018-11-23 15:40:41,331 - root - INFO - running environment: development
2018-11-23 15:41:24,704 - root - INFO - running environment: development
2018-11-23 15:41:37,582 - root - INFO - running environment: development
2018-11-23 15:43:23,879 - root - INFO - running environment: development
2018-11-23 15:44:22,492 - root - INFO - running environment: development
2018-11-23 15:46:58,739 - root - INFO - running environment: development
2018-11-23 15:47:28,952 - root - INFO - running environment: development
2018-11-23 15:47:51,078 - root - INFO - running environment: development
2018-11-23 15:48:25,303 - root - INFO - running environment: development
2018-11-23 15:48:56,473 - root - INFO - running environment: development
2018-11-23 15:49:26,744 - root - INFO - running environment: development
2018-11-23 15:49:40,667 - root - INFO - running environment: development
2018-11-23 15:50:21,364 - root - INFO - running environment: development
2018-11-23 15:50:27,179 - root - INFO - running environment: development
2018-11-23 15:51:01,385 - root - INFO - running environment: development
2018-11-23 15:51:36,586 - root - INFO - running environment: development
2018-11-23 15:53:58,847 - root - INFO - running environment: development
2018-11-23 16:39:05,433 - root - INFO - running environment: development
2018-11-23 16:39:25,400 - root - INFO - running environment: development
2018-11-23 16:44:19,631 - root - INFO - running environment: development
2018-11-23 16:48:49,614 - root - INFO - running environment: development
2018-11-23 16:57:12,998 - root - INFO - running environment: development
2018-11-23 16:58:26,254 - root - INFO - running environment: development
2018-11-23 16:58:26,863 - root - INFO - running environment: development
2018-11-23 16:59:12,524 - root - INFO - running environment: development
2018-11-23 17:01:31,625 - root - INFO - running environment: development
2018-11-23 17:52:32,434 - root - INFO - running environment: development
2018-11-23 17:52:33,066 - root - INFO - running environment: development
2018-11-23 17:57:05,916 - root - INFO - running environment: development
2018-11-23 18:01:00,588 - root - INFO - running environment: development
2018-11-23 18:01:01,189 - root - INFO - running environment: development
